<?xml version="1.0" encoding="UTF-8"?>
<testng-results ignored="0" total="1" passed="0" failed="1" skipped="0">
  <reporter-output>
  </reporter-output>
  <suite started-at="2023-01-07T16:02:39 IST" name="Suite" finished-at="2023-01-07T16:03:28 IST" duration-ms="49491">
    <groups>
    </groups>
    <test started-at="2023-01-07T16:02:39 IST" name="Test" finished-at="2023-01-07T16:03:28 IST" duration-ms="49491">
      <class name="totest.NewTest">
        <test-method is-config="true" signature="beforeClass(java.lang.String)[pri:0, instance:totest.NewTest@791f145a]" started-at="2023-01-07T16:02:39 IST" name="beforeClass" finished-at="2023-01-07T16:03:05 IST" duration-ms="26288" status="PASS">
          <params>
            <param index="0">
              <value>
                <![CDATA[chrome]]>
              </value>
            </param>
          </params>
          <reporter-output>
          </reporter-output>
        </test-method> <!-- beforeClass -->
        <test-method is-config="true" signature="beforeMethod()[pri:0, instance:totest.NewTest@791f145a]" started-at="2023-01-07T16:03:05 IST" name="beforeMethod" finished-at="2023-01-07T16:03:18 IST" duration-ms="12889" status="PASS">
          <reporter-output>
          </reporter-output>
        </test-method> <!-- beforeMethod -->
        <test-method signature="test1()[pri:0, instance:totest.NewTest@791f145a]" started-at="2023-01-07T16:03:18 IST" name="test1" finished-at="2023-01-07T16:03:20 IST" duration-ms="2256" status="FAIL">
          <exception class="org.testng.internal.thread.ThreadTimeoutException">
            <message>
              <![CDATA[Method totest.NewTest.test1() didn't finish within the time-out 2000]]>
            </message>
            <full-stacktrace>
              <![CDATA[org.testng.internal.thread.ThreadTimeoutException: Method totest.NewTest.test1() didn't finish within the time-out 2000
at java.base@17.0.1/jdk.internal.misc.Unsafe.park(Native Method)
at java.base@17.0.1/java.util.concurrent.locks.LockSupport.parkNanos(LockSupport.java:252)
at java.base@17.0.1/java.util.concurrent.CompletableFuture$Signaller.block(CompletableFuture.java:1866)
at java.base@17.0.1/java.util.concurrent.ForkJoinPool.unmanagedBlock(ForkJoinPool.java:3463)
at java.base@17.0.1/java.util.concurrent.ForkJoinPool.managedBlock(ForkJoinPool.java:3434)
at java.base@17.0.1/java.util.concurrent.CompletableFuture.timedGet(CompletableFuture.java:1939)
at java.base@17.0.1/java.util.concurrent.CompletableFuture.get(CompletableFuture.java:2095)
at app//org.asynchttpclient.netty.NettyResponseFuture.get(NettyResponseFuture.java:206)
at app//org.openqa.selenium.remote.http.netty.NettyHttpHandler.makeCall(NettyHttpHandler.java:59)
at app//org.openqa.selenium.remote.http.netty.NettyHttpHandler$$Lambda$252/0x00000001002b28a8.execute(Unknown Source)
at app//org.openqa.selenium.remote.http.AddSeleniumUserAgent.lambda$apply$0(AddSeleniumUserAgent.java:42)
at app//org.openqa.selenium.remote.http.AddSeleniumUserAgent$$Lambda$442/0x0000000100335b38.execute(Unknown Source)
at app//org.openqa.selenium.remote.http.Filter.lambda$andFinally$1(Filter.java:56)
at app//org.openqa.selenium.remote.http.Filter$$Lambda$253/0x00000001002b2ad8.execute(Unknown Source)
at app//org.openqa.selenium.remote.http.netty.NettyHttpHandler.execute(NettyHttpHandler.java:49)
at app//org.openqa.selenium.remote.http.AddSeleniumUserAgent.lambda$apply$0(AddSeleniumUserAgent.java:42)
at app//org.openqa.selenium.remote.http.AddSeleniumUserAgent$$Lambda$442/0x0000000100335b38.execute(Unknown Source)
at app//org.openqa.selenium.remote.http.Filter.lambda$andFinally$1(Filter.java:56)
at app//org.openqa.selenium.remote.http.Filter$$Lambda$253/0x00000001002b2ad8.execute(Unknown Source)
at app//org.openqa.selenium.remote.http.netty.NettyClient.execute(NettyClient.java:99)
at app//org.openqa.selenium.remote.HttpCommandExecutor.execute(HttpCommandExecutor.java:181)
at app//org.openqa.selenium.remote.service.DriverCommandExecutor.invokeExecute(DriverCommandExecutor.java:167)
at app//org.openqa.selenium.remote.service.DriverCommandExecutor.execute(DriverCommandExecutor.java:142)
at app//org.openqa.selenium.remote.RemoteWebDriver.execute(RemoteWebDriver.java:541)
at app//org.openqa.selenium.remote.ElementLocation$ElementFinder$2.findElement(ElementLocation.java:162)
at app//org.openqa.selenium.remote.ElementLocation.findElement(ElementLocation.java:60)
at app//org.openqa.selenium.remote.RemoteWebDriver.findElement(RemoteWebDriver.java:365)
at app//org.openqa.selenium.remote.RemoteWebDriver.findElement(RemoteWebDriver.java:357)
at app//org.openqa.selenium.support.pagefactory.DefaultElementLocator.findElement(DefaultElementLocator.java:70)
at app//org.openqa.selenium.support.pagefactory.internal.LocatingElementHandler.invoke(LocatingElementHandler.java:39)
at app/jdk.proxy2/jdk.proxy2.$Proxy19.isDisplayed(Unknown Source)
at app//org.openqa.selenium.support.ui.ExpectedConditions.elementIfVisible(ExpectedConditions.java:307)
at app//org.openqa.selenium.support.ui.ExpectedConditions.access$000(ExpectedConditions.java:40)
at app//org.openqa.selenium.support.ui.ExpectedConditions$10.apply(ExpectedConditions.java:293)
at app//org.openqa.selenium.support.ui.ExpectedConditions$10.apply(ExpectedConditions.java:290)
at app//org.openqa.selenium.support.ui.FluentWait.until(FluentWait.java:208)
at app//pompkgstartup1.Utilityclassstatup1.togetExplicitwait(Utilityclassstatup1.java:22)
at app//pompkgstartup1.PomclassStartup1.togetuserprofileName7(PomclassStartup1.java:68)
at app//totest.NewTest.test1(NewTest.java:39)
at java.base@17.0.1/jdk.internal.reflect.NativeMethodAccessorImpl.invoke0(Native Method)
at java.base@17.0.1/jdk.internal.reflect.NativeMethodAccessorImpl.invoke(NativeMethodAccessorImpl.java:77)
at java.base@17.0.1/jdk.internal.reflect.DelegatingMethodAccessorImpl.invoke(DelegatingMethodAccessorImpl.java:43)
at java.base@17.0.1/java.lang.reflect.Method.invoke(Method.java:568)
at app//org.testng.internal.invokers.MethodInvocationHelper.invokeMethod(MethodInvocationHelper.java:139)
at app//org.testng.internal.invokers.InvokeMethodRunnable.runOne(InvokeMethodRunnable.java:47)
at app//org.testng.internal.invokers.InvokeMethodRunnable.call(InvokeMethodRunnable.java:76)
at app//org.testng.internal.invokers.InvokeMethodRunnable.call(InvokeMethodRunnable.java:11)
at java.base@17.0.1/java.util.concurrent.FutureTask.run(FutureTask.java:264)
at java.base@17.0.1/java.util.concurrent.ThreadPoolExecutor.runWorker(ThreadPoolExecutor.java:1136)
at java.base@17.0.1/java.util.concurrent.ThreadPoolExecutor$Worker.run(ThreadPoolExecutor.java:635)
at java.base@17.0.1/java.lang.Thread.run(Thread.java:833)
]]>
            </full-stacktrace>
          </exception> <!-- org.testng.internal.thread.ThreadTimeoutException -->
          <reporter-output>
          </reporter-output>
        </test-method> <!-- test1 -->
        <test-method is-config="true" signature="aftermehtod()[pri:0, instance:totest.NewTest@791f145a]" started-at="2023-01-07T16:03:20 IST" name="aftermehtod" finished-at="2023-01-07T16:03:27 IST" duration-ms="7035" status="PASS">
          <reporter-output>
          </reporter-output>
        </test-method> <!-- aftermehtod -->
        <test-method is-config="true" signature="afterClass()[pri:0, instance:totest.NewTest@791f145a]" started-at="2023-01-07T16:03:27 IST" name="afterClass" finished-at="2023-01-07T16:03:28 IST" duration-ms="946" status="PASS">
          <reporter-output>
          </reporter-output>
        </test-method> <!-- afterClass -->
      </class> <!-- totest.NewTest -->
    </test> <!-- Test -->
  </suite> <!-- Suite -->
</testng-results>
